<?xml version="1.0" encoding="UTF-8"?>
<testsuite xmlns:xsi="http://www.w3.org/2001/XMLSchema-instance" xsi:noNamespaceSchemaLocation="https://maven.apache.org/surefire/maven-surefire-plugin/xsd/surefire-test-report.xsd" name="FilaStringTest" time="0.037" tests="7" errors="0" skipped="0" failures="7">
  <properties>
[...]
</properties>
  <testcase name="isEmptyQuandoFilaVazia" classname="FilaStringTest" time="0.024">
    <failure message="expected: &lt;true&gt; but was: &lt;false&gt;" type="org.opentest4j.AssertionFailedError"><![CDATA[org.opentest4j.AssertionFailedError: expected: <true> but was: <false>
	at FilaStringTest.isEmptyQuandoFilaVazia(FilaStringTest.java:27)
]]></failure>
  </testcase>
  <testcase name="insertLancaIndexOutOfBoundsExceptionQuandoFilaCheia" classname="FilaStringTest" time="0">
    <failure message="Expected java.lang.IndexOutOfBoundsException to be thrown, but nothing was thrown." type="org.opentest4j.AssertionFailedError">org.opentest4j.AssertionFailedError: Expected java.lang.IndexOutOfBoundsException to be thrown, but nothing was thrown.
	at FilaStringTest.insertLancaIndexOutOfBoundsExceptionQuandoFilaCheia(FilaStringTest.java:89)
</failure>
  </testcase>
  <testcase name="poolQuandoFilaRetornaA" classname="FilaStringTest" time="0.001">
    <failure message="expected: &lt;a&gt; but was: &lt;&gt;" type="org.opentest4j.AssertionFailedError"><![CDATA[org.opentest4j.AssertionFailedError: expected: <a> but was: <>
	at FilaStringTest.poolQuandoFilaRetornaA(FilaStringTest.java:67)
]]></failure>
  </testcase>
  <testcase name="poolQuandoFilaRetornaC" classname="FilaStringTest" time="0">
    <failure message="expected: &lt;a&gt; but was: &lt;&gt;" type="org.opentest4j.AssertionFailedError"><![CDATA[org.opentest4j.AssertionFailedError: expected: <a> but was: <>
	at FilaStringTest.poolQuandoFilaRetornaC(FilaStringTest.java:76)
]]></failure>
  </testcase>
  <testcase name="insertQuandoFilaRetornaA" classname="FilaStringTest" time="0.001">
    <failure message="expected: &lt;a&gt; but was: &lt;&gt;" type="org.opentest4j.AssertionFailedError"><![CDATA[org.opentest4j.AssertionFailedError: expected: <a> but was: <>
	at FilaStringTest.insertQuandoFilaRetornaA(FilaStringTest.java:96)
]]></failure>
  </testcase>
  <testcase name="peekQuandoFilaRetornaA" classname="FilaStringTest" time="0.001">
    <failure message="expected: &lt;a&gt; but was: &lt;&gt;" type="org.opentest4j.AssertionFailedError"><![CDATA[org.opentest4j.AssertionFailedError: expected: <a> but was: <>
	at FilaStringTest.peekQuandoFilaRetornaA(FilaStringTest.java:58)
]]></failure>
  </testcase>
  <testcase name="isFullTrueQuandoFilaPreenchida" classname="FilaStringTest" time="0.002">
    <failure message="expected: &lt;true&gt; but was: &lt;false&gt;" type="org.opentest4j.AssertionFailedError"><![CDATA[org.opentest4j.AssertionFailedError: expected: <true> but was: <false>
	at FilaStringTest.isFullTrueQuandoFilaPreenchida(FilaStringTest.java:21)
]]></failure>
  </testcase>
</testsuite>