<?xml version="1.0" encoding="UTF-8"?>
<testsuite xmlns:xsi="http://www.w3.org/2001/XMLSchema-instance" xsi:noNamespaceSchemaLocation="https://maven.apache.org/surefire/maven-surefire-plugin/xsd/surefire-test-report.xsd" name="FilaObjTest" time="0.04" tests="7" errors="0" skipped="0" failures="7">
  <properties>
[...]
</properties>
  <testcase name="isEmptyQuandoFilaVazia" classname="FilaObjTest" time="0.023">
    <failure message="expected: &lt;true&gt; but was: &lt;false&gt;" type="org.opentest4j.AssertionFailedError"><![CDATA[org.opentest4j.AssertionFailedError: expected: <true> but was: <false>
	at FilaObjTest.isEmptyQuandoFilaVazia(FilaObjTest.java:28)
]]></failure>
  </testcase>
  <testcase name="insertLancaIndexOutOfBoundsExceptionQuandoFilaCheia" classname="FilaObjTest" time="0.002">
    <failure message="Expected java.lang.IndexOutOfBoundsException to be thrown, but nothing was thrown." type="org.opentest4j.AssertionFailedError">org.opentest4j.AssertionFailedError: Expected java.lang.IndexOutOfBoundsException to be thrown, but nothing was thrown.
	at FilaObjTest.insertLancaIndexOutOfBoundsExceptionQuandoFilaCheia(FilaObjTest.java:90)
</failure>
  </testcase>
  <testcase name="insertQuandoFilaRetornaDez" classname="FilaObjTest" time="0.001">
    <failure message="expected: &lt;10&gt; but was: &lt;null&gt;" type="org.opentest4j.AssertionFailedError"><![CDATA[org.opentest4j.AssertionFailedError: expected: <10> but was: <null>
	at FilaObjTest.insertQuandoFilaRetornaDez(FilaObjTest.java:97)
]]></failure>
  </testcase>
  <testcase name="poolQuandoFilaRetornaVinte" classname="FilaObjTest" time="0">
    <failure message="expected: &lt;10&gt; but was: &lt;null&gt;" type="org.opentest4j.AssertionFailedError"><![CDATA[org.opentest4j.AssertionFailedError: expected: <10> but was: <null>
	at FilaObjTest.poolQuandoFilaRetornaVinte(FilaObjTest.java:77)
]]></failure>
  </testcase>
  <testcase name="peekQuandoFilaRetornaDez" classname="FilaObjTest" time="0.001">
    <failure message="expected: &lt;10&gt; but was: &lt;null&gt;" type="org.opentest4j.AssertionFailedError"><![CDATA[org.opentest4j.AssertionFailedError: expected: <10> but was: <null>
	at FilaObjTest.peekQuandoFilaRetornaDez(FilaObjTest.java:59)
]]></failure>
  </testcase>
  <testcase name="isFullTrueQuandoFilaPreenchida" classname="FilaObjTest" time="0.001">
    <failure message="expected: &lt;true&gt; but was: &lt;false&gt;" type="org.opentest4j.AssertionFailedError"><![CDATA[org.opentest4j.AssertionFailedError: expected: <true> but was: <false>
	at FilaObjTest.isFullTrueQuandoFilaPreenchida(FilaObjTest.java:22)
]]></failure>
  </testcase>
  <testcase name="poolQuandoFilaRetornaDez" classname="FilaObjTest" time="0">
    <failure message="expected: &lt;10&gt; but was: &lt;null&gt;" type="org.opentest4j.AssertionFailedError"><![CDATA[org.opentest4j.AssertionFailedError: expected: <10> but was: <null>
	at FilaObjTest.poolQuandoFilaRetornaDez(FilaObjTest.java:68)
]]></failure>
  </testcase>
</testsuite>